{"created": 1752634669.1654062, "duration": 1.7994728088378906, "exitcode": 1, "root": "/home/nosky/macro", "environment": {}, "summary": {"failed": 6, "passed": 1, "total": 7, "collected": 7}, "collectors": [{"nodeid": "", "outcome": "passed", "result": [{"nodeid": "tests/integration/test_step_configuration.py", "type": "Module"}]}, {"nodeid": "tests/integration/test_step_configuration.py::TestScenario", "outcome": "passed", "result": []}, {"nodeid": "tests/integration/test_step_configuration.py::TestStepConfiguration", "outcome": "passed", "result": [{"nodeid": "tests/integration/test_step_configuration.py::TestStepConfiguration::test_image_step_dialog_creation", "type": "Function", "lineno": 46}, {"nodeid": "tests/integration/test_step_configuration.py::TestStepConfiguration::test_text_search_dialog_with_excel_binding", "type": "Function", "lineno": 74}, {"nodeid": "tests/integration/test_step_configuration.py::TestStepConfiguration::test_if_condition_dialog_complex_setup", "type": "Function", "lineno": 112}, {"nodeid": "tests/integration/test_step_configuration.py::TestStepConfiguration::test_coordinate_recording_simulation", "type": "Function", "lineno": 158}, {"nodeid": "tests/integration/test_step_configuration.py::TestStepConfiguration::test_dialog_validation", "type": "Function", "lineno": 184}, {"nodeid": "tests/integration/test_step_configuration.py::TestStepConfiguration::test_step_editing", "type": "Function", "lineno": 203}, {"nodeid": "tests/integration/test_step_configuration.py::TestStepConfiguration::test_error_handling_options", "type": "Function", "lineno": 236}]}, {"nodeid": "tests/integration/test_step_configuration.py", "outcome": "passed", "result": [{"nodeid": "tests/integration/test_step_configuration.py::TestScenario", "type": "Class"}, {"nodeid": "tests/integration/test_step_configuration.py::TestStepConfiguration", "type": "Class"}]}], "tests": [{"nodeid": "tests/integration/test_step_configuration.py::TestStepConfiguration::test_image_step_dialog_creation", "lineno": 46, "outcome": "failed", "keywords": ["test_image_step_dialog_creation", "TestStepConfiguration", "test_step_configuration.py", "integration", "tests", "macro", ""], "setup": {"duration": 0.01998218399239704, "outcome": "passed"}, "call": {"duration": 0.11310221298481338, "outcome": "failed", "crash": {"path": "/home/nosky/macro/tests/integration/test_step_configuration.py", "lineno": 71, "message": "AssertionError: assert <StepType.WAIT_IMAGE: 'wait_image'> == 'wait_image'\n +  where 'wait_image' = <StepType.WAIT_IMAGE: 'wait_image'>.value\n +    where <StepType.WAIT_IMAGE: 'wait_image'> = StepType.WAIT_IMAGE"}, "traceback": [{"path": "tests/integration/test_step_configuration.py", "lineno": 71, "message": "in test_image_step_dialog_creation"}], "longrepr": "tests/integration/test_step_configuration.py:71: in test_image_step_dialog_creation\n    assert step_dict['step_type'] == StepType.WAIT_IMAGE.value\nE   AssertionError: assert <StepType.WAIT_IMAGE: 'wait_image'> == 'wait_image'\nE    +  where 'wait_image' = <StepType.WAIT_IMAGE: 'wait_image'>.value\nE    +    where <StepType.WAIT_IMAGE: 'wait_image'> = StepType.WAIT_IMAGE\n----------------------------- Captured Qt messages -----------------------------\nQtWarningMsg: This plugin does not support propagateSizeHints()"}, "teardown": {"duration": 0.0005254260031506419, "outcome": "passed"}}, {"nodeid": "tests/integration/test_step_configuration.py::TestStepConfiguration::test_text_search_dialog_with_excel_binding", "lineno": 74, "outcome": "failed", "keywords": ["test_text_search_dialog_with_excel_binding", "TestStepConfiguration", "test_step_configuration.py", "integration", "tests", "macro", ""], "setup": {"duration": 0.00021560199093073606, "outcome": "passed"}, "call": {"duration": 0.00173431501025334, "outcome": "failed", "crash": {"path": "/home/nosky/macro/src/ui/dialogs/text_search_step_dialog.py", "lineno": 74, "message": "NameError: name 'QWidget' is not defined"}, "traceback": [{"path": "tests/integration/test_step_configuration.py", "lineno": 82, "message": "in test_text_search_dialog_with_excel_binding"}, {"path": "src/ui/dialogs/text_search_step_dialog.py", "lineno": 32, "message": "in __init__"}, {"path": "src/ui/dialogs/text_search_step_dialog.py", "lineno": 74, "message": "in init_ui"}], "longrepr": "tests/integration/test_step_configuration.py:82: in test_text_search_dialog_with_excel_binding\n    dialog = TextSearchStepDialog(excel_columns=excel_columns)\nsrc/ui/dialogs/text_search_step_dialog.py:32: in __init__\n    self.init_ui()\nsrc/ui/dialogs/text_search_step_dialog.py:74: in init_ui\n    self.fixed_text_widget = QWidget()\nE   NameError: name 'QWidget' is not defined"}, "teardown": {"duration": 0.00020800300990231335, "outcome": "passed"}}, {"nodeid": "tests/integration/test_step_configuration.py::TestStepConfiguration::test_if_condition_dialog_complex_setup", "lineno": 112, "outcome": "failed", "keywords": ["test_if_condition_dialog_complex_setup", "TestStepConfiguration", "test_step_configuration.py", "integration", "tests", "macro", ""], "setup": {"duration": 0.0001566569844726473, "outcome": "passed"}, "call": {"duration": 0.0013656770170200616, "outcome": "failed", "crash": {"path": "/home/nosky/macro/src/ui/dialogs/if_condition_step_dialog.py", "lineno": 277, "message": "TypeError: index 0 has type 'tuple' but 'str' is expected"}, "traceback": [{"path": "tests/integration/test_step_configuration.py", "lineno": 118, "message": "in test_if_condition_dialog_complex_setup"}, {"path": "src/ui/dialogs/if_condition_step_dialog.py", "lineno": 241, "message": "in __init__"}, {"path": "src/ui/dialogs/if_condition_step_dialog.py", "lineno": 277, "message": "in init_ui"}], "longrepr": "tests/integration/test_step_configuration.py:118: in test_if_condition_dialog_complex_setup\n    dialog = IfConditionStepDialog(excel_columns=excel_columns)\nsrc/ui/dialogs/if_condition_step_dialog.py:241: in __init__\n    self.init_ui()\nsrc/ui/dialogs/if_condition_step_dialog.py:277: in init_ui\n    self.condition_type_combo.addItems([\nE   TypeError: index 0 has type 'tuple' but 'str' is expected"}, "teardown": {"duration": 0.00016529698041267693, "outcome": "passed"}}, {"nodeid": "tests/integration/test_step_configuration.py::TestStepConfiguration::test_coordinate_recording_simulation", "lineno": 158, "outcome": "failed", "keywords": ["test_coordinate_recording_simulation", "TestStepConfiguration", "test_step_configuration.py", "integration", "tests", "macro", ""], "setup": {"duration": 0.0001410550030414015, "outcome": "passed"}, "call": {"duration": 0.00011416699271649122, "outcome": "failed", "crash": {"path": "/home/nosky/macro/tests/integration/test_step_configuration.py", "lineno": 180, "message": "assert False"}, "traceback": [{"path": "tests/integration/test_step_configuration.py", "lineno": 180, "message": "in test_coordinate_recording_simulation"}], "longrepr": "tests/integration/test_step_configuration.py:180: in test_coordinate_recording_simulation\n    assert results['success']\nE   assert False"}, "teardown": {"duration": 9.943699114955962e-05, "outcome": "passed"}}, {"nodeid": "tests/integration/test_step_configuration.py::TestStepConfiguration::test_dialog_validation", "lineno": 184, "outcome": "failed", "keywords": ["test_dialog_validation", "TestStepConfiguration", "test_step_configuration.py", "integration", "tests", "macro", ""], "setup": {"duration": 0.0001220580015797168, "outcome": "passed"}, "call": {"duration": 0.10421223301091231, "outcome": "failed", "crash": {"path": "/home/nosky/macro/tests/integration/test_step_configuration.py", "lineno": 198, "message": "AttributeError: 'WaitImageStepDialog' object has no attribute 'button_box'"}, "traceback": [{"path": "tests/integration/test_step_configuration.py", "lineno": 198, "message": "in test_dialog_validation"}], "longrepr": "tests/integration/test_step_configuration.py:198: in test_dialog_validation\n    ok_button = dialog.button_box.button(dialog.button_box.Ok)\nE   AttributeError: 'WaitImageStepDialog' object has no attribute 'button_box'\n----------------------------- Captured Qt messages -----------------------------\nQtWarningMsg: This plugin does not support propagateSizeHints()"}, "teardown": {"duration": 0.00043566501699388027, "outcome": "passed"}}, {"nodeid": "tests/integration/test_step_configuration.py::TestStepConfiguration::test_step_editing", "lineno": 203, "outcome": "failed", "keywords": ["test_step_editing", "TestStepConfiguration", "test_step_configuration.py", "integration", "tests", "macro", ""], "setup": {"duration": 0.00026143601280637085, "outcome": "passed"}, "call": {"duration": 0.00037346300086937845, "outcome": "failed", "crash": {"path": "/home/nosky/macro/src/ui/dialogs/text_search_step_dialog.py", "lineno": 74, "message": "NameError: name 'QWidget' is not defined"}, "traceback": [{"path": "tests/integration/test_step_configuration.py", "lineno": 214, "message": "in test_step_editing"}, {"path": "src/ui/dialogs/text_search_step_dialog.py", "lineno": 32, "message": "in __init__"}, {"path": "src/ui/dialogs/text_search_step_dialog.py", "lineno": 74, "message": "in init_ui"}], "longrepr": "tests/integration/test_step_configuration.py:214: in test_step_editing\n    dialog = TextSearchStepDialog(step=initial_step)\nsrc/ui/dialogs/text_search_step_dialog.py:32: in __init__\n    self.init_ui()\nsrc/ui/dialogs/text_search_step_dialog.py:74: in init_ui\n    self.fixed_text_widget = QWidget()\nE   NameError: name 'QWidget' is not defined"}, "teardown": {"duration": 0.00023124998551793396, "outcome": "passed"}}, {"nodeid": "tests/integration/test_step_configuration.py::TestStepConfiguration::test_error_handling_options", "lineno": 236, "outcome": "passed", "keywords": ["test_error_handling_options", "TestStepConfiguration", "test_step_configuration.py", "integration", "tests", "macro", ""], "setup": {"duration": 0.00022826500935479999, "outcome": "passed"}, "call": {"duration": 0.1085112129803747, "outcome": "passed"}, "teardown": {"duration": 0.001210793008795008, "outcome": "passed"}}], "warnings": [{"message": "cannot collect test class 'TestScenario' because it has a __init__ constructor (from: tests/integration/test_step_configuration.py)", "category": "PytestCollectionWarning", "when": "collect", "filename": "/home/nosky/macro/tests/test_helpers.py", "lineno": 227}]}